<?xml version="1.0" encoding="UTF-8"?>
<testng-results ignored="0" total="2" passed="2" failed="0" skipped="0">
  <reporter-output>
  </reporter-output>
  <suite started-at="2024-01-11T01:27:20 IST" name="Default suite" finished-at="2024-01-11T01:27:42 IST" duration-ms="21430">
    <groups>
      <group name="cucumber">
        <method signature="AbstractTestNGCucumberTests.runScenario(io.cucumber.testng.PickleWrapper,io.cucumber.testng.FeatureWrapper)[pri:0, instance:cucumberOptions.TestNGList@185a6e9]" name="runScenario" class="io.cucumber.testng.AbstractTestNGCucumberTests"/>
      </group> <!-- cucumber -->
    </groups>
    <test started-at="2024-01-11T01:27:20 IST" name="Default test" finished-at="2024-01-11T01:27:42 IST" duration-ms="21430">
      <class name="cucumberOptions.TestNGList">
        <test-method is-config="true" signature="setUpClass(org.testng.ITestContext)[pri:0, instance:cucumberOptions.TestNGList@185a6e9]" started-at="2024-01-11T01:27:20 IST" name="setUpClass" finished-at="2024-01-11T01:27:20 IST" duration-ms="190" status="PASS">
          <params>
            <param index="0">
              <value>
                <![CDATA[org.testng.TestRunner@4375b013]]>
              </value>
            </param>
          </params>
          <reporter-output>
          </reporter-output>
        </test-method> <!-- setUpClass -->
        <test-method signature="runScenario(io.cucumber.testng.PickleWrapper,io.cucumber.testng.FeatureWrapper)[pri:0, instance:cucumberOptions.TestNGList@185a6e9]" started-at="2024-01-11T01:27:20 IST" name="runScenario" description="Runs Cucumber Scenarios" data-provider="scenarios" finished-at="2024-01-11T01:27:30 IST" duration-ms="9889" status="PASS">
          <params>
            <param index="0">
              <value>
                <![CDATA["perform Login Operations"]]>
              </value>
            </param>
            <param index="1">
              <value>
                <![CDATA["Perform Login Operations"]]>
              </value>
            </param>
          </params>
          <reporter-output>
          </reporter-output>
        </test-method> <!-- runScenario -->
        <test-method signature="runScenario(io.cucumber.testng.PickleWrapper,io.cucumber.testng.FeatureWrapper)[pri:0, instance:cucumberOptions.TestNGList@185a6e9]" started-at="2024-01-11T01:27:30 IST" name="runScenario" description="Runs Cucumber Scenarios" data-provider="scenarios" finished-at="2024-01-11T01:27:42 IST" duration-ms="11302" status="PASS">
          <params>
            <param index="0">
              <value>
                <![CDATA["Perform testing on Login User Interface"]]>
              </value>
            </param>
            <param index="1">
              <value>
                <![CDATA["Automate the Automation Test Store"]]>
              </value>
            </param>
          </params>
          <reporter-output>
          </reporter-output>
        </test-method> <!-- runScenario -->
        <test-method is-config="true" signature="tearDownClass()[pri:0, instance:cucumberOptions.TestNGList@185a6e9]" started-at="2024-01-11T01:27:42 IST" name="tearDownClass" finished-at="2024-01-11T01:27:42 IST" duration-ms="6" status="PASS">
          <reporter-output>
          </reporter-output>
        </test-method> <!-- tearDownClass -->
      </class> <!-- cucumberOptions.TestNGList -->
    </test> <!-- Default test -->
  </suite> <!-- Default suite -->
</testng-results>
